{"E:\\Telkom\\parking\\src\\index.ts": {"path":"E:\\Telkom\\parking\\src\\index.ts","statementMap":{"0":{"start":{"line":1,"column":0},"end":{"line":1,"column":29}},"1":{"start":{"line":2,"column":0},"end":{"line":2,"column":30}},"2":{"start":{"line":5,"column":12},"end":{"line":5,"column":21}},"3":{"start":{"line":7,"column":0},"end":{"line":7,"column":null}},"4":{"start":{"line":9,"column":0},"end":{"line":9,"column":null}}},"fnMap":{},"branchMap":{},"s":{"0":1,"1":1,"2":1,"3":1,"4":1},"f":{},"b":{}}
,"E:\\Telkom\\parking\\src\\routes.ts": {"path":"E:\\Telkom\\parking\\src\\routes.ts","statementMap":{"0":{"start":{"line":1,"column":0},"end":{"line":1,"column":52}},"1":{"start":{"line":2,"column":0},"end":{"line":2,"column":60}},"2":{"start":{"line":3,"column":0},"end":{"line":3,"column":42}},"3":{"start":{"line":4,"column":0},"end":{"line":4,"column":49}},"4":{"start":{"line":6,"column":15},"end":{"line":6,"column":23}},"5":{"start":{"line":8,"column":0},"end":{"line":8,"column":34}},"6":{"start":{"line":9,"column":0},"end":{"line":9,"column":38}},"7":{"start":{"line":10,"column":0},"end":{"line":10,"column":null}},"8":{"start":{"line":12,"column":0},"end":{"line":12,"column":null}}},"fnMap":{},"branchMap":{},"s":{"0":1,"1":1,"2":1,"3":1,"4":1,"5":1,"6":1,"7":1,"8":1},"f":{},"b":{}}
,"E:\\Telkom\\parking\\src\\controllers\\park.controller.ts": {"path":"E:\\Telkom\\parking\\src\\controllers\\park.controller.ts","statementMap":{"0":{"start":{"line":2,"column":0},"end":{"line":2,"column":60}},"1":{"start":{"line":5,"column":16},"end":{"line":7,"column":null}},"2":{"start":{"line":9,"column":19},"end":{"line":9,"column":39}},"3":{"start":{"line":11,"column":4},"end":{"line":15,"column":null}},"4":{"start":{"line":12,"column":8},"end":{"line":12,"column":64}},"5":{"start":{"line":14,"column":8},"end":{"line":14,"column":null}},"6":{"start":{"line":4,"column":0},"end":{"line":4,"column":22}},"7":{"start":{"line":19,"column":16},"end":{"line":21,"column":null}},"8":{"start":{"line":22,"column":19},"end":{"line":22,"column":40}},"9":{"start":{"line":24,"column":4},"end":{"line":28,"column":null}},"10":{"start":{"line":25,"column":8},"end":{"line":25,"column":100}},"11":{"start":{"line":27,"column":8},"end":{"line":27,"column":92}},"12":{"start":{"line":18,"column":0},"end":{"line":18,"column":22}}},"fnMap":{"0":{"name":"park","decl":{"start":{"line":4,"column":22},"end":{"line":4,"column":26}},"loc":{"start":{"line":4,"column":54},"end":{"line":16,"column":null}}},"1":{"name":"leave","decl":{"start":{"line":18,"column":22},"end":{"line":18,"column":27}},"loc":{"start":{"line":18,"column":55},"end":{"line":29,"column":null}}}},"branchMap":{"0":{"loc":{"start":{"line":11,"column":4},"end":{"line":15,"column":null}},"type":"if","locations":[{"start":{"line":11,"column":4},"end":{"line":15,"column":null}},{"start":{"line":13,"column":9},"end":{"line":15,"column":null}}]},"1":{"loc":{"start":{"line":11,"column":8},"end":{"line":11,"column":48}},"type":"binary-expr","locations":[{"start":{"line":11,"column":8},"end":{"line":11,"column":27}},{"start":{"line":11,"column":31},"end":{"line":11,"column":48}}]},"2":{"loc":{"start":{"line":24,"column":4},"end":{"line":28,"column":null}},"type":"if","locations":[{"start":{"line":24,"column":4},"end":{"line":28,"column":null}},{"start":{"line":26,"column":9},"end":{"line":28,"column":null}}]}},"s":{"0":1,"1":2,"2":2,"3":2,"4":1,"5":1,"6":1,"7":2,"8":2,"9":2,"10":1,"11":1,"12":1},"f":{"0":2,"1":2},"b":{"0":[1,1],"1":[2,1],"2":[1,1]}}
,"E:\\Telkom\\parking\\src\\models\\park.model.ts": {"path":"E:\\Telkom\\parking\\src\\models\\park.model.ts","statementMap":{"0":{"start":{"line":1,"column":28},"end":{"line":5,"column":null}},"1":{"start":{"line":12,"column":17},"end":{"line":15,"column":null}},"2":{"start":{"line":17,"column":18},"end":{"line":17,"column":68}},"3":{"start":{"line":17,"column":48},"end":{"line":17,"column":67}},"4":{"start":{"line":18,"column":15},"end":{"line":18,"column":16}},"5":{"start":{"line":20,"column":4},"end":{"line":22,"column":null}},"6":{"start":{"line":21,"column":8},"end":{"line":21,"column":46}},"7":{"start":{"line":24,"column":4},"end":{"line":31,"column":null}},"8":{"start":{"line":25,"column":8},"end":{"line":25,"column":null}},"9":{"start":{"line":27,"column":8},"end":{"line":30,"column":null}},"10":{"start":{"line":33,"column":4},"end":{"line":33,"column":null}},"11":{"start":{"line":11,"column":0},"end":{"line":11,"column":22}},"12":{"start":{"line":37,"column":17},"end":{"line":39,"column":null}},"13":{"start":{"line":41,"column":18},"end":{"line":41,"column":74}},"14":{"start":{"line":41,"column":48},"end":{"line":41,"column":73}},"15":{"start":{"line":42,"column":15},"end":{"line":42,"column":16}},"16":{"start":{"line":44,"column":4},"end":{"line":46,"column":null}},"17":{"start":{"line":45,"column":8},"end":{"line":45,"column":52}},"18":{"start":{"line":48,"column":4},"end":{"line":54,"column":null}},"19":{"start":{"line":49,"column":8},"end":{"line":49,"column":null}},"20":{"start":{"line":51,"column":8},"end":{"line":53,"column":null}},"21":{"start":{"line":56,"column":4},"end":{"line":56,"column":null}},"22":{"start":{"line":36,"column":0},"end":{"line":36,"column":22}}},"fnMap":{"0":{"name":"modelPark","decl":{"start":{"line":11,"column":22},"end":{"line":11,"column":31}},"loc":{"start":{"line":11,"column":41},"end":{"line":34,"column":null}}},"1":{"name":"(anonymous_9)","decl":{"start":{"line":17,"column":39},"end":{"line":17,"column":44}},"loc":{"start":{"line":17,"column":48},"end":{"line":17,"column":67}}},"2":{"name":"modelLeave","decl":{"start":{"line":36,"column":22},"end":{"line":36,"column":32}},"loc":{"start":{"line":36,"column":42},"end":{"line":57,"column":null}}},"3":{"name":"(anonymous_12)","decl":{"start":{"line":41,"column":39},"end":{"line":41,"column":44}},"loc":{"start":{"line":41,"column":48},"end":{"line":41,"column":73}}}},"branchMap":{"0":{"loc":{"start":{"line":20,"column":4},"end":{"line":22,"column":null}},"type":"if","locations":[{"start":{"line":20,"column":4},"end":{"line":22,"column":null}}]},"1":{"loc":{"start":{"line":24,"column":4},"end":{"line":31,"column":null}},"type":"if","locations":[{"start":{"line":24,"column":4},"end":{"line":31,"column":null}}]},"2":{"loc":{"start":{"line":24,"column":7},"end":{"line":24,"column":33}},"type":"binary-expr","locations":[{"start":{"line":24,"column":7},"end":{"line":24,"column":19}},{"start":{"line":24,"column":23},"end":{"line":24,"column":33}}]},"3":{"loc":{"start":{"line":44,"column":4},"end":{"line":46,"column":null}},"type":"if","locations":[{"start":{"line":44,"column":4},"end":{"line":46,"column":null}}]},"4":{"loc":{"start":{"line":48,"column":4},"end":{"line":54,"column":null}},"type":"if","locations":[{"start":{"line":48,"column":4},"end":{"line":54,"column":null}}]},"5":{"loc":{"start":{"line":48,"column":7},"end":{"line":48,"column":33}},"type":"binary-expr","locations":[{"start":{"line":48,"column":7},"end":{"line":48,"column":19}},{"start":{"line":48,"column":23},"end":{"line":48,"column":33}}]}},"s":{"0":1,"1":2,"2":2,"3":5,"4":2,"5":2,"6":1,"7":2,"8":1,"9":1,"10":2,"11":1,"12":2,"13":2,"14":5,"15":2,"16":2,"17":1,"18":2,"19":1,"20":1,"21":2,"22":1},"f":{"0":2,"1":5,"2":2,"3":5},"b":{"0":[1],"1":[1],"2":[2,1],"3":[1],"4":[1],"5":[2,1]}}
}
