TN:
SF:src\index.ts
FNF:0
FNH:0
DA:1,1
DA:2,1
DA:5,1
DA:7,1
DA:9,1
LF:5
LH:5
BRF:0
BRH:0
end_of_record
TN:
SF:src\routes.ts
FNF:0
FNH:0
DA:1,1
DA:2,1
DA:3,1
DA:4,1
DA:6,1
DA:8,1
DA:9,1
DA:10,1
DA:12,1
LF:9
LH:9
BRF:0
BRH:0
end_of_record
TN:
SF:src\controllers\park.controller.ts
FN:4,park
FN:18,leave
FNF:2
FNH:2
FNDA:2,park
FNDA:2,leave
DA:2,1
DA:4,1
DA:5,2
DA:9,2
DA:11,2
DA:12,1
DA:14,1
DA:18,1
DA:19,2
DA:22,2
DA:24,2
DA:25,1
DA:27,1
LF:13
LH:13
BRDA:11,0,0,1
BRDA:11,0,1,1
BRDA:11,1,0,2
BRDA:11,1,1,1
BRDA:24,2,0,1
BRDA:24,2,1,1
BRF:6
BRH:6
end_of_record
TN:
SF:src\models\park.model.ts
FN:11,modelPark
FN:17,(anonymous_9)
FN:36,modelLeave
FN:41,(anonymous_12)
FNF:4
FNH:4
FNDA:2,modelPark
FNDA:5,(anonymous_9)
FNDA:2,modelLeave
FNDA:5,(anonymous_12)
DA:1,1
DA:11,1
DA:12,2
DA:17,5
DA:18,2
DA:20,2
DA:21,1
DA:24,2
DA:25,1
DA:27,1
DA:33,2
DA:36,1
DA:37,2
DA:41,5
DA:42,2
DA:44,2
DA:45,1
DA:48,2
DA:49,1
DA:51,1
DA:56,2
LF:21
LH:21
BRDA:20,0,0,1
BRDA:24,1,0,1
BRDA:24,2,0,2
BRDA:24,2,1,1
BRDA:44,3,0,1
BRDA:48,4,0,1
BRDA:48,5,0,2
BRDA:48,5,1,1
BRF:8
BRH:8
end_of_record
